INFO:werkzeug: * Restarting with stat
WARNING:werkzeug: * Debugger is active!
INFO:werkzeug: * Debugger PIN: 274-839-373
INFO:werkzeug: * Running on http://0.0.0.0:5000/ (Press CTRL+C to quit)
INFO:werkzeug: * Detected change in 'D:\\alpha-scale\\as-be-scan-svc\\as-be-scan-svc\\app\\app.py', reloading
INFO:werkzeug: * Restarting with stat
WARNING:werkzeug: * Debugger is active!
INFO:werkzeug: * Debugger PIN: 274-839-373
INFO:werkzeug: * Running on http://0.0.0.0:5000/ (Press CTRL+C to quit)
INFO:werkzeug: * Detected change in 'D:\\alpha-scale\\as-be-scan-svc\\as-be-scan-svc\\app\\app.py', reloading
INFO:werkzeug: * Restarting with stat
DEBUG:root:This message should go to the log file
WARNING:werkzeug: * Debugger is active!
INFO:werkzeug: * Debugger PIN: 274-839-373
INFO:werkzeug: * Running on http://0.0.0.0:5000/ (Press CTRL+C to quit)
INFO:werkzeug: * Detected change in 'D:\\alpha-scale\\as-be-scan-svc\\as-be-scan-svc\\app\\app.py', reloading
INFO:werkzeug: * Restarting with stat
DEBUG:root:This message should go to the log file
WARNING:werkzeug: * Debugger is active!
INFO:werkzeug: * Debugger PIN: 274-839-373
INFO:werkzeug: * Running on http://0.0.0.0:5000/ (Press CTRL+C to quit)
DEBUG:root:This message should go to the log file
DEBUG:root:This message should go to the log file
INFO:werkzeug: * Restarting with stat
DEBUG:root:This message should go to the log file
WARNING:werkzeug: * Debugger is active!
INFO:werkzeug: * Debugger PIN: 274-839-373
INFO:werkzeug: * Running on http://0.0.0.0:5000/ (Press CTRL+C to quit)
DEBUG:root:This message should go to the log file
INFO:werkzeug: * Restarting with stat
DEBUG:root:This message should go to the log file
WARNING:werkzeug: * Debugger is active!
INFO:werkzeug: * Debugger PIN: 274-839-373
INFO:werkzeug: * Running on http://0.0.0.0:5000/ (Press CTRL+C to quit)
INFO:werkzeug: * Detected change in 'D:\\alpha-scale\\as-be-scan-svc\\as-be-scan-svc\\app\\app.py', reloading
INFO:werkzeug: * Restarting with stat
